[0603/155505.729:ERROR:minidumpwritedump_with_crashpad_info.cc(435)] Failed to call MiniDumpWriteDump: Access is denied. (0x80070005)
[0603/155505.731:ERROR:minidumpwritedump_with_crashpad_info.cc(592)] Failed to write minidump file
[0603/155505.732:ERROR:crash_report_exception_handler.cc(132)] TryMiniDumpWriteDumpWithCrashpadInfo failed
[0603/155505.767:ERROR:process_memory_win.cc(73)] ReadMemory at 0x1a200185260 of 72 bytes failed: Only part of a ReadProcessMemory or WriteProcessMemory request was completed. (0x12B)
[0603/155505.767:WARNING:pe_image_annotations_reader.cc(134)] could not read annotations list object in C:\Program Files (x86)\Microsoft\Edge\Application\83.0.478.44\msedge.dll
[0603/155505.907:ERROR:process_memory_win.cc(73)] ReadMemory at 0x7ff7a6950000 of 64 bytes failed: Only part of a ReadProcessMemory or WriteProcessMemory request was completed. (0x12B)
[0603/155505.907:WARNING:pe_image_reader.cc(340)] could not read dos header from C:\Program Files (x86)\Microsoft\Edge\Application\msedge.exe
[0603/155505.908:ERROR:process_memory_win.cc(73)] ReadMemory at 0x7ff80e7e0000 of 64 bytes failed: Only part of a ReadProcessMemory or WriteProcessMemory request was completed. (0x12B)
[0603/155505.908:WARNING:pe_image_reader.cc(340)] could not read dos header from C:\WINDOWS\SYSTEM32\ntdll.dll
[0603/155505.908:ERROR:process_memory_win.cc(73)] ReadMemory at 0x7ff80ccf0000 of 64 bytes failed: Only part of a ReadProcessMemory or WriteProcessMemory request was completed. (0x12B)
[0603/155505.908:WARNING:pe_image_reader.cc(340)] could not read dos header from C:\WINDOWS\System32\KERNEL32.DLL
[0603/155505.908:ERROR:process_memory_win.cc(73)] ReadMemory at 0x7ff80b7f0000 of 64 bytes failed: Only part of a ReadProcessMemory or WriteProcessMemory request was completed. (0x12B)
[0603/155505.909:WARNING:pe_image_reader.cc(340)] could not read dos header from C:\WINDOWS\System32\KERNELBASE.dll
[0603/155505.909:ERROR:process_memory_win.cc(73)] ReadMemory at 0x7ffffbaf0000 of 64 bytes failed: Only part of a ReadProcessMemory or WriteProcessMemory request was completed. (0x12B)
[0603/155505.909:WARNING:pe_image_reader.cc(340)] could not read dos header from C:\Program Files (x86)\Microsoft\Edge\Application\83.0.478.44\msedge_elf.dll
[0603/155505.909:ERROR:process_memory_win.cc(73)] ReadMemory at 0x7ff80c5c0000 of 64 bytes failed: Only part of a ReadProcessMemory or WriteProcessMemory request was completed. (0x12B)
[0603/155505.910:WARNING:pe_image_reader.cc(340)] could not read dos header from C:\WINDOWS\System32\bcryptPrimitives.dll
[0603/155505.910:ERROR:process_memory_win.cc(73)] ReadMemory at 0x7ff80dd10000 of 64 bytes failed: Only part of a ReadProcessMemory or WriteProcessMemory request was completed. (0x12B)
[0603/155505.910:WARNING:pe_image_reader.cc(340)] could not read dos header from C:\WINDOWS\System32\ADVAPI32.dll
[0603/155505.910:ERROR:process_memory_win.cc(73)] ReadMemory at 0x7ff80d340000 of 64 bytes failed: Only part of a ReadProcessMemory or WriteProcessMemory request was completed. (0x12B)
[0603/155505.910:WARNING:pe_image_reader.cc(340)] could not read dos header from C:\WINDOWS\System32\msvcrt.dll
[0603/155505.911:ERROR:process_memory_win.cc(73)] ReadMemory at 0x7ff80dfd0000 of 64 bytes failed: Only part of a ReadProcessMemory or WriteProcessMemory request was completed. (0x12B)
[0603/155505.911:WARNING:pe_image_reader.cc(340)] could not read dos header from C:\WINDOWS\System32\sechost.dll
[0603/155505.911:ERROR:process_memory_win.cc(73)] ReadMemory at 0x7ff80c970000 of 64 bytes failed: Only part of a ReadProcessMemory or WriteProcessMemory request was completed. (0x12B)
[0603/155505.911:WARNING:pe_image_reader.cc(340)] could not read dos header from C:\WINDOWS\System32\RPCRT4.dll
[0603/155505.912:ERROR:process_memory_win.cc(73)] ReadMemory at 0x7fff87f60000 of 64 bytes failed: Only part of a ReadProcessMemory or WriteProcessMemory request was completed. (0x12B)
[0603/155505.912:WARNING:pe_image_reader.cc(340)] could not read dos header from C:\Program Files (x86)\Microsoft\Edge\Application\83.0.478.44\msedge.dll
[0603/155505.924:ERROR:process_memory_win.cc(73)] ReadMemory at 0x7ff80caa0000 of 64 bytes failed: Only part of a ReadProcessMemory or WriteProcessMemory request was completed. (0x12B)
[0603/155505.925:WARNING:pe_image_reader.cc(340)] could not read dos header from C:\WINDOWS\System32\WS2_32.dll
[0603/155505.925:ERROR:process_memory_win.cc(73)] ReadMemory at 0x7ff80daa0000 of 64 bytes failed: Only part of a ReadProcessMemory or WriteProcessMemory request was completed. (0x12B)
[0603/155505.925:WARNING:pe_image_reader.cc(340)] could not read dos header from C:\WINDOWS\System32\OLEAUT32.dll
[0603/155505.926:ERROR:process_memory_win.cc(73)] ReadMemory at 0x7ff80bc50000 of 64 bytes failed: Only part of a ReadProcessMemory or WriteProcessMemory request was completed. (0x12B)
[0603/155505.935:WARNING:pe_image_reader.cc(340)] could not read dos header from C:\WINDOWS\System32\msvcp_win.dll
[0603/155505.953:ERROR:process_memory_win.cc(73)] ReadMemory at 0x7ff80bb50000 of 64 bytes failed: Only part of a ReadProcessMemory or WriteProcessMemory request was completed. (0x12B)
[0603/155505.953:WARNING:pe_image_reader.cc(340)] could not read dos header from C:\WINDOWS\System32\ucrtbase.dll
[0603/155505.954:ERROR:process_memory_win.cc(73)] ReadMemory at 0x7ff80ce10000 of 64 bytes failed: Only part of a ReadProcessMemory or WriteProcessMemory request was completed. (0x12B)
[0603/155505.954:WARNING:pe_image_reader.cc(340)] could not read dos header from C:\WINDOWS\System32\combase.dll
[0603/155505.954:ERROR:process_memory_win.cc(73)] ReadMemory at 0x7ff80baf0000 of 64 bytes failed: Only part of a ReadProcessMemory or WriteProcessMemory request was completed. (0x12B)
[0603/155505.954:WARNING:pe_image_reader.cc(340)] could not read dos header from C:\WINDOWS\System32\WINTRUST.dll
[0603/155505.954:ERROR:process_memory_win.cc(73)] ReadMemory at 0x7ff80b730000 of 64 bytes failed: Only part of a ReadProcessMemory or WriteProcessMemory request was completed. (0x12B)
[0603/155505.955:WARNING:pe_image_reader.cc(340)] could not read dos header from C:\WINDOWS\System32\MSASN1.dll
[0603/155505.955:ERROR:process_memory_win.cc(73)] ReadMemory at 0x7ff80bcf0000 of 64 bytes failed: Only part of a ReadProcessMemory or WriteProcessMemory request was completed. (0x12B)
[0603/155505.955:WARNING:pe_image_reader.cc(340)] could not read dos header from C:\WINDOWS\System32\CRYPT32.dll
[0603/155505.955:ERROR:process_memory_win.cc(73)] ReadMemory at 0x7ff80ac20000 of 64 bytes failed: Only part of a ReadProcessMemory or WriteProcessMemory request was completed. (0x12B)
[0603/155505.955:WARNING:pe_image_reader.cc(340)] could not read dos header from C:\WINDOWS\SYSTEM32\IPHLPAPI.DLL
[0603/155505.956:ERROR:process_memory_win.cc(73)] ReadMemory at 0x7ff808320000 of 64 bytes failed: Only part of a ReadProcessMemory or WriteProcessMemory request was completed. (0x12B)
[0603/155505.956:WARNING:pe_image_reader.cc(340)] could not read dos header from C:\WINDOWS\SYSTEM32\WINMM.dll
[0603/155505.956:ERROR:process_memory_win.cc(73)] ReadMemory at 0x7ffffac40000 of 64 bytes failed: Only part of a ReadProcessMemory or WriteProcessMemory request was completed. (0x12B)
[0603/155505.956:WARNING:pe_image_reader.cc(340)] could not read dos header from C:\WINDOWS\SYSTEM32\Secur32.dll
[0603/155505.956:ERROR:process_memory_win.cc(73)] ReadMemory at 0x7ff80b590000 of 64 bytes failed: Only part of a ReadProcessMemory or WriteProcessMemory request was completed. (0x12B)
[0603/155505.957:WARNING:pe_image_reader.cc(340)] could not read dos header from C:\WINDOWS\SYSTEM32\USERENV.dll
[0603/155505.957:ERROR:process_memory_win.cc(73)] ReadMemory at 0x7ff80b6b0000 of 64 bytes failed: Only part of a ReadProcessMemory or WriteProcessMemory request was completed. (0x12B)
[0603/155505.957:WARNING:pe_image_reader.cc(340)] could not read dos header from C:\WINDOWS\System32\profapi.dll
[0603/155505.957:ERROR:process_memory_win.cc(73)] ReadMemory at 0x7fffd7bc0000 of 64 bytes failed: Only part of a ReadProcessMemory or WriteProcessMemory request was completed. (0x12B)
[0603/155505.969:WARNING:pe_image_reader.cc(340)] could not read dos header from C:\WINDOWS\SYSTEM32\UIAutomationCore.DLL
[0603/155505.969:ERROR:process_memory_win.cc(73)] ReadMemory at 0x7ff807820000 of 64 bytes failed: Only part of a ReadProcessMemory or WriteProcessMemory request was completed. (0x12B)
[0603/155505.969:WARNING:pe_image_reader.cc(340)] could not read dos header from C:\WINDOWS\SYSTEM32\WINHTTP.dll
[0603/155505.970:ERROR:process_memory_win.cc(73)] ReadMemory at 0x7fffdf1c0000 of 64 bytes failed: Only part of a ReadProcessMemory or WriteProcessMemory request was completed. (0x12B)
[0603/155505.970:WARNING:pe_image_reader.cc(340)] could not read dos header from C:\WINDOWS\SYSTEM32\DWrite.dll
[0603/155505.970:ERROR:process_memory_win.cc(73)] ReadMemory at 0x7fffe5ff0000 of 64 bytes failed: Only part of a ReadProcessMemory or WriteProcessMemory request was completed. (0x12B)
[0603/155505.970:WARNING:pe_image_reader.cc(340)] could not read dos header from C:\WINDOWS\SYSTEM32\WINSPOOL.DRV
[0603/155505.971:ERROR:process_memory_win.cc(73)] ReadMemory at 0x7ff80b750000 of 64 bytes failed: Only part of a ReadProcessMemory or WriteProcessMemory request was completed. (0x12B)
[0603/155505.971:WARNING:pe_image_reader.cc(340)] could not read dos header from C:\WINDOWS\System32\kernel.appcore.dll
[0603/155505.971:ERROR:process_memory_win.cc(73)] ReadMemory at 0x7ff80bac0000 of 64 bytes failed: Only part of a ReadProcessMemory or WriteProcessMemory request was completed. (0x12B)
[0603/155505.996:WARNING:pe_image_reader.cc(340)] could not read dos header from C:\WINDOWS\System32\bcrypt.dll
[0603/155505.996:ERROR:process_memory_win.cc(73)] ReadMemory at 0x7ffffa400000 of 64 bytes failed: Only part of a ReadProcessMemory or WriteProcessMemory request was completed. (0x12B)
[0603/155505.996:WARNING:pe_image_reader.cc(340)] could not read dos header from C:\WINDOWS\SYSTEM32\dbghelp.dll
[0603/155505.997:ERROR:process_memory_win.cc(73)] ReadMemory at 0x7ff804660000 of 64 bytes failed: Only part of a ReadProcessMemory or WriteProcessMemory request was completed. (0x12B)
[0603/155505.997:WARNING:pe_image_reader.cc(340)] could not read dos header from C:\WINDOWS\SYSTEM32\dhcpcsvc.DLL
[0603/155505.997:ERROR:process_memory_win.cc(73)] ReadMemory at 0x7ff80e0a0000 of 64 bytes failed: Only part of a ReadProcessMemory or WriteProcessMemory request was completed. (0x12B)
[0603/155505.997:WARNING:pe_image_reader.cc(340)] could not read dos header from C:\WINDOWS\System32\NSI.dll
[0603/155505.997:ERROR:process_memory_win.cc(73)] ReadMemory at 0x7ff8082f0000 of 64 bytes failed: Only part of a ReadProcessMemory or WriteProcessMemory request was completed. (0x12B)
[0603/155505.998:WARNING:pe_image_reader.cc(340)] could not read dos header from C:\WINDOWS\SYSTEM32\WINMMBASE.dll
[0603/155505.998:ERROR:process_memory_win.cc(73)] ReadMemory at 0x7ff80b7a0000 of 64 bytes failed: Only part of a ReadProcessMemory or WriteProcessMemory request was completed. (0x12B)
[0603/155505.998:WARNING:pe_image_reader.cc(340)] could not read dos header from C:\WINDOWS\System32\cfgmgr32.dll
[0603/155505.998:ERROR:process_memory_win.cc(73)] ReadMemory at 0x7ff807c40000 of 64 bytes failed: Only part of a ReadProcessMemory or WriteProcessMemory request was completed. (0x12B)
[0603/155505.998:WARNING:pe_image_reader.cc(340)] could not read dos header from C:\WINDOWS\SYSTEM32\PROPSYS.dll
[0603/155505.998:ERROR:process_memory_win.cc(73)] ReadMemory at 0x7ff80c890000 of 64 bytes failed: Only part of a ReadProcessMemory or WriteProcessMemory request was completed. (0x12B)
[0603/155505.999:WARNING:pe_image_reader.cc(340)] could not read dos header from C:\WINDOWS\System32\shcore.dll
[0603/155506.005:ERROR:process_memory_win.cc(73)] ReadMemory at 0x7ff80b5c0000 of 64 bytes failed: Only part of a ReadProcessMemory or WriteProcessMemory request was completed. (0x12B)
[0603/155506.053:WARNING:pe_image_reader.cc(340)] could not read dos header from C:\WINDOWS\SYSTEM32\SSPICLI.DLL
[0603/155506.067:ERROR:process_memory_win.cc(73)] ReadMemory at 0x7ff80b0e0000 of 64 bytes failed: Only part of a ReadProcessMemory or WriteProcessMemory request was completed. (0x12B)
[0603/155506.067:WARNING:pe_image_reader.cc(340)] could not read dos header from C:\WINDOWS\SYSTEM32\CRYPTBASE.DLL
[0603/155506.076:ERROR:process_memory_win.cc(73)] ReadMemory at 0x7ff7a6950000 of 64 bytes failed: Only part of a ReadProcessMemory or WriteProcessMemory request was completed. (0x12B)
[0603/155506.077:WARNING:pe_image_reader.cc(340)] could not read dos header from C:\Program Files (x86)\Microsoft\Edge\Application\msedge.exe
[0603/155506.077:ERROR:process_memory_win.cc(73)] ReadMemory at 0x7ff80e7e0000 of 64 bytes failed: Only part of a ReadProcessMemory or WriteProcessMemory request was completed. (0x12B)
[0603/155506.077:WARNING:pe_image_reader.cc(340)] could not read dos header from C:\WINDOWS\SYSTEM32\ntdll.dll
[0603/155506.078:ERROR:process_memory_win.cc(73)] ReadMemory at 0x7ff80ccf0000 of 64 bytes failed: Only part of a ReadProcessMemory or WriteProcessMemory request was completed. (0x12B)
[0603/155506.078:WARNING:pe_image_reader.cc(340)] could not read dos header from C:\WINDOWS\System32\KERNEL32.DLL
[0603/155506.079:ERROR:process_memory_win.cc(73)] ReadMemory at 0x7ff80b7f0000 of 64 bytes failed: Only part of a ReadProcessMemory or WriteProcessMemory request was completed. (0x12B)
[0603/155506.079:WARNING:pe_image_reader.cc(340)] could not read dos header from C:\WINDOWS\System32\KERNELBASE.dll
[0603/155506.079:ERROR:process_memory_win.cc(73)] ReadMemory at 0x7ffffbaf0000 of 64 bytes failed: Only part of a ReadProcessMemory or WriteProcessMemory request was completed. (0x12B)
[0603/155506.079:WARNING:pe_image_reader.cc(340)] could not read dos header from C:\Program Files (x86)\Microsoft\Edge\Application\83.0.478.44\msedge_elf.dll
[0603/155506.080:ERROR:process_memory_win.cc(73)] ReadMemory at 0x7ff80c5c0000 of 64 bytes failed: Only part of a ReadProcessMemory or WriteProcessMemory request was completed. (0x12B)
[0603/155506.084:WARNING:pe_image_reader.cc(340)] could not read dos header from C:\WINDOWS\System32\bcryptPrimitives.dll
[0603/155506.085:ERROR:process_memory_win.cc(73)] ReadMemory at 0x7ff80dd10000 of 64 bytes failed: Only part of a ReadProcessMemory or WriteProcessMemory request was completed. (0x12B)
[0603/155506.086:WARNING:pe_image_reader.cc(340)] could not read dos header from C:\WINDOWS\System32\ADVAPI32.dll
[0603/155506.099:ERROR:process_memory_win.cc(73)] ReadMemory at 0x7ff80d340000 of 64 bytes failed: Only part of a ReadProcessMemory or WriteProcessMemory request was completed. (0x12B)
[0603/155506.099:WARNING:pe_image_reader.cc(340)] could not read dos header from C:\WINDOWS\System32\msvcrt.dll
[0603/155506.101:ERROR:process_memory_win.cc(73)] ReadMemory at 0x7ff80dfd0000 of 64 bytes failed: Only part of a ReadProcessMemory or WriteProcessMemory request was completed. (0x12B)
[0603/155506.101:WARNING:pe_image_reader.cc(340)] could not read dos header from C:\WINDOWS\System32\sechost.dll
[0603/155506.101:ERROR:process_memory_win.cc(73)] ReadMemory at 0x7ff80c970000 of 64 bytes failed: Only part of a ReadProcessMemory or WriteProcessMemory request was completed. (0x12B)
[0603/155506.115:WARNING:pe_image_reader.cc(340)] could not read dos header from C:\WINDOWS\System32\RPCRT4.dll
[0603/155506.116:ERROR:process_memory_win.cc(73)] ReadMemory at 0x7fff87f60000 of 64 bytes failed: Only part of a ReadProcessMemory or WriteProcessMemory request was completed. (0x12B)
[0603/155506.141:WARNING:pe_image_reader.cc(340)] could not read dos header from C:\Program Files (x86)\Microsoft\Edge\Application\83.0.478.44\msedge.dll
[0603/155506.141:ERROR:process_memory_win.cc(73)] ReadMemory at 0x7ff80caa0000 of 64 bytes failed: Only part of a ReadProcessMemory or WriteProcessMemory request was completed. (0x12B)
[0603/155506.141:WARNING:pe_image_reader.cc(340)] could not read dos header from C:\WINDOWS\System32\WS2_32.dll
[0603/155506.142:ERROR:process_memory_win.cc(73)] ReadMemory at 0x7ff80daa0000 of 64 bytes failed: Only part of a ReadProcessMemory or WriteProcessMemory request was completed. (0x12B)
[0603/155506.142:WARNING:pe_image_reader.cc(340)] could not read dos header from C:\WINDOWS\System32\OLEAUT32.dll
[0603/155506.142:ERROR:process_memory_win.cc(73)] ReadMemory at 0x7ff80bc50000 of 64 bytes failed: Only part of a ReadProcessMemory or WriteProcessMemory request was completed. (0x12B)
[0603/155506.142:WARNING:pe_image_reader.cc(340)] could not read dos header from C:\WINDOWS\System32\msvcp_win.dll
[0603/155506.142:ERROR:process_memory_win.cc(73)] ReadMemory at 0x7ff80bb50000 of 64 bytes failed: Only part of a ReadProcessMemory or WriteProcessMemory request was completed. (0x12B)
[0603/155506.142:WARNING:pe_image_reader.cc(340)] could not read dos header from C:\WINDOWS\System32\ucrtbase.dll
[0603/155506.142:ERROR:process_memory_win.cc(73)] ReadMemory at 0x7ff80ce10000 of 64 bytes failed: Only part of a ReadProcessMemory or WriteProcessMemory request was completed. (0x12B)
[0603/155506.143:WARNING:pe_image_reader.cc(340)] could not read dos header from C:\WINDOWS\System32\combase.dll
[0603/155506.143:ERROR:process_memory_win.cc(73)] ReadMemory at 0x7ff80baf0000 of 64 bytes failed: Only part of a ReadProcessMemory or WriteProcessMemory request was completed. (0x12B)
[0603/155506.143:WARNING:pe_image_reader.cc(340)] could not read dos header from C:\WINDOWS\System32\WINTRUST.dll
[0603/155506.143:ERROR:process_memory_win.cc(73)] ReadMemory at 0x7ff80b730000 of 64 bytes failed: Only part of a ReadProcessMemory or WriteProcessMemory request was completed. (0x12B)
[0603/155506.143:WARNING:pe_image_reader.cc(340)] could not read dos header from C:\WINDOWS\System32\MSASN1.dll
[0603/155506.144:ERROR:process_memory_win.cc(73)] ReadMemory at 0x7ff80bcf0000 of 64 bytes failed: Only part of a ReadProcessMemory or WriteProcessMemory request was completed. (0x12B)
[0603/155506.144:WARNING:pe_image_reader.cc(340)] could not read dos header from C:\WINDOWS\System32\CRYPT32.dll
[0603/155506.144:ERROR:process_memory_win.cc(73)] ReadMemory at 0x7ff80ac20000 of 64 bytes failed: Only part of a ReadProcessMemory or WriteProcessMemory request was completed. (0x12B)
[0603/155506.145:WARNING:pe_image_reader.cc(340)] could not read dos header from C:\WINDOWS\SYSTEM32\IPHLPAPI.DLL
[0603/155506.145:ERROR:process_memory_win.cc(73)] ReadMemory at 0x7ff808320000 of 64 bytes failed: Only part of a ReadProcessMemory or WriteProcessMemory request was completed. (0x12B)
[0603/155506.146:WARNING:pe_image_reader.cc(340)] could not read dos header from C:\WINDOWS\SYSTEM32\WINMM.dll
[0603/155506.146:ERROR:process_memory_win.cc(73)] ReadMemory at 0x7ffffac40000 of 64 bytes failed: Only part of a ReadProcessMemory or WriteProcessMemory request was completed. (0x12B)
[0603/155506.147:WARNING:pe_image_reader.cc(340)] could not read dos header from C:\WINDOWS\SYSTEM32\Secur32.dll
[0603/155506.147:ERROR:process_memory_win.cc(73)] ReadMemory at 0x7ff80b590000 of 64 bytes failed: Only part of a ReadProcessMemory or WriteProcessMemory request was completed. (0x12B)
[0603/155506.147:WARNING:pe_image_reader.cc(340)] could not read dos header from C:\WINDOWS\SYSTEM32\USERENV.dll
[0603/155506.149:ERROR:process_memory_win.cc(73)] ReadMemory at 0x7ff80b6b0000 of 64 bytes failed: Only part of a ReadProcessMemory or WriteProcessMemory request was completed. (0x12B)
[0603/155506.149:WARNING:pe_image_reader.cc(340)] could not read dos header from C:\WINDOWS\System32\profapi.dll
[0603/155506.150:ERROR:process_memory_win.cc(73)] ReadMemory at 0x7fffd7bc0000 of 64 bytes failed: Only part of a ReadProcessMemory or WriteProcessMemory request was completed. (0x12B)
[0603/155506.162:WARNING:pe_image_reader.cc(340)] could not read dos header from C:\WINDOWS\SYSTEM32\UIAutomationCore.DLL
[0603/155506.162:ERROR:process_memory_win.cc(73)] ReadMemory at 0x7ff807820000 of 64 bytes failed: Only part of a ReadProcessMemory or WriteProcessMemory request was completed. (0x12B)
[0603/155506.163:WARNING:pe_image_reader.cc(340)] could not read dos header from C:\WINDOWS\SYSTEM32\WINHTTP.dll
[0603/155506.163:ERROR:process_memory_win.cc(73)] ReadMemory at 0x7fffdf1c0000 of 64 bytes failed: Only part of a ReadProcessMemory or WriteProcessMemory request was completed. (0x12B)
[0603/155506.163:WARNING:pe_image_reader.cc(340)] could not read dos header from C:\WINDOWS\SYSTEM32\DWrite.dll
[0603/155506.163:ERROR:process_memory_win.cc(73)] ReadMemory at 0x7fffe5ff0000 of 64 bytes failed: Only part of a ReadProcessMemory or WriteProcessMemory request was completed. (0x12B)
[0603/155506.203:WARNING:pe_image_reader.cc(340)] could not read dos header from C:\WINDOWS\SYSTEM32\WINSPOOL.DRV
[0603/155506.220:ERROR:process_memory_win.cc(73)] ReadMemory at 0x7ff80b750000 of 64 bytes failed: Only part of a ReadProcessMemory or WriteProcessMemory request was completed. (0x12B)
[0603/155506.221:WARNING:pe_image_reader.cc(340)] could not read dos header from C:\WINDOWS\System32\kernel.appcore.dll
[0603/155506.221:ERROR:process_memory_win.cc(73)] ReadMemory at 0x7ff80bac0000 of 64 bytes failed: Only part of a ReadProcessMemory or WriteProcessMemory request was completed. (0x12B)
[0603/155506.222:WARNING:pe_image_reader.cc(340)] could not read dos header from C:\WINDOWS\System32\bcrypt.dll
[0603/155506.222:ERROR:process_memory_win.cc(73)] ReadMemory at 0x7ffffa400000 of 64 bytes failed: Only part of a ReadProcessMemory or WriteProcessMemory request was completed. (0x12B)
[0603/155506.222:WARNING:pe_image_reader.cc(340)] could not read dos header from C:\WINDOWS\SYSTEM32\dbghelp.dll
[0603/155506.223:ERROR:process_memory_win.cc(73)] ReadMemory at 0x7ff804660000 of 64 bytes failed: Only part of a ReadProcessMemory or WriteProcessMemory request was completed. (0x12B)
[0603/155506.223:WARNING:pe_image_reader.cc(340)] could not read dos header from C:\WINDOWS\SYSTEM32\dhcpcsvc.DLL
[0603/155506.224:ERROR:process_memory_win.cc(73)] ReadMemory at 0x7ff80e0a0000 of 64 bytes failed: Only part of a ReadProcessMemory or WriteProcessMemory request was completed. (0x12B)
[0603/155506.224:WARNING:pe_image_reader.cc(340)] could not read dos header from C:\WINDOWS\System32\NSI.dll
[0603/155506.225:ERROR:process_memory_win.cc(73)] ReadMemory at 0x7ff8082f0000 of 64 bytes failed: Only part of a ReadProcessMemory or WriteProcessMemory request was completed. (0x12B)
[0603/155506.225:WARNING:pe_image_reader.cc(340)] could not read dos header from C:\WINDOWS\SYSTEM32\WINMMBASE.dll
[0603/155506.226:ERROR:process_memory_win.cc(73)] ReadMemory at 0x7ff80b7a0000 of 64 bytes failed: Only part of a ReadProcessMemory or WriteProcessMemory request was completed. (0x12B)
[0603/155506.226:WARNING:pe_image_reader.cc(340)] could not read dos header from C:\WINDOWS\System32\cfgmgr32.dll
[0603/155506.227:ERROR:process_memory_win.cc(73)] ReadMemory at 0x7ff807c40000 of 64 bytes failed: Only part of a ReadProcessMemory or WriteProcessMemory request was completed. (0x12B)
[0603/155506.227:WARNING:pe_image_reader.cc(340)] could not read dos header from C:\WINDOWS\SYSTEM32\PROPSYS.dll
[0603/155506.227:ERROR:process_memory_win.cc(73)] ReadMemory at 0x7ff80c890000 of 64 bytes failed: Only part of a ReadProcessMemory or WriteProcessMemory request was completed. (0x12B)
[0603/155506.228:WARNING:pe_image_reader.cc(340)] could not read dos header from C:\WINDOWS\System32\shcore.dll
[0603/155506.241:ERROR:process_memory_win.cc(73)] ReadMemory at 0x7ff80b5c0000 of 64 bytes failed: Only part of a ReadProcessMemory or WriteProcessMemory request was completed. (0x12B)
[0603/155506.241:WARNING:pe_image_reader.cc(340)] could not read dos header from C:\WINDOWS\SYSTEM32\SSPICLI.DLL
[0603/155506.242:ERROR:process_memory_win.cc(73)] ReadMemory at 0x7ff80b0e0000 of 64 bytes failed: Only part of a ReadProcessMemory or WriteProcessMemory request was completed. (0x12B)
[0603/155506.243:WARNING:pe_image_reader.cc(340)] could not read dos header from C:\WINDOWS\SYSTEM32\CRYPTBASE.DLL
[0603/155506.243:ERROR:process_memory_win.cc(73)] ReadMemory at 0x7ff7a6950000 of 64 bytes failed: Only part of a ReadProcessMemory or WriteProcessMemory request was completed. (0x12B)
[0603/155506.243:WARNING:pe_image_reader.cc(340)] could not read dos header from C:\Program Files (x86)\Microsoft\Edge\Application\msedge.exe
[0603/155506.244:ERROR:process_memory_win.cc(73)] ReadMemory at 0x7ff80e7e0000 of 64 bytes failed: Only part of a ReadProcessMemory or WriteProcessMemory request was completed. (0x12B)
[0603/155506.244:WARNING:pe_image_reader.cc(340)] could not read dos header from C:\WINDOWS\SYSTEM32\ntdll.dll
[0603/155506.245:ERROR:process_memory_win.cc(73)] ReadMemory at 0x7ff80ccf0000 of 64 bytes failed: Only part of a ReadProcessMemory or WriteProcessMemory request was completed. (0x12B)
[0603/155506.245:WARNING:pe_image_reader.cc(340)] could not read dos header from C:\WINDOWS\System32\KERNEL32.DLL
[0603/155506.246:ERROR:process_memory_win.cc(73)] ReadMemory at 0x7ff80b7f0000 of 64 bytes failed: Only part of a ReadProcessMemory or WriteProcessMemory request was completed. (0x12B)
[0603/155506.246:WARNING:pe_image_reader.cc(340)] could not read dos header from C:\WINDOWS\System32\KERNELBASE.dll
[0603/155506.247:ERROR:process_memory_win.cc(73)] ReadMemory at 0x7ffffbaf0000 of 64 bytes failed: Only part of a ReadProcessMemory or WriteProcessMemory request was completed. (0x12B)
[0603/155506.247:WARNING:pe_image_reader.cc(340)] could not read dos header from C:\Program Files (x86)\Microsoft\Edge\Application\83.0.478.44\msedge_elf.dll
[0603/155506.247:ERROR:process_memory_win.cc(73)] ReadMemory at 0x7ff80c5c0000 of 64 bytes failed: Only part of a ReadProcessMemory or WriteProcessMemory request was completed. (0x12B)
[0603/155506.248:WARNING:pe_image_reader.cc(340)] could not read dos header from C:\WINDOWS\System32\bcryptPrimitives.dll
[0603/155506.249:ERROR:process_memory_win.cc(73)] ReadMemory at 0x7ff80dd10000 of 64 bytes failed: Only part of a ReadProcessMemory or WriteProcessMemory request was completed. (0x12B)
[0603/155506.249:WARNING:pe_image_reader.cc(340)] could not read dos header from C:\WINDOWS\System32\ADVAPI32.dll
[0603/155506.250:ERROR:process_memory_win.cc(73)] ReadMemory at 0x7ff80d340000 of 64 bytes failed: Only part of a ReadProcessMemory or WriteProcessMemory request was completed. (0x12B)
[0603/155506.250:WARNING:pe_image_reader.cc(340)] could not read dos header from C:\WINDOWS\System32\msvcrt.dll
[0603/155506.251:ERROR:process_memory_win.cc(73)] ReadMemory at 0x7ff80dfd0000 of 64 bytes failed: Only part of a ReadProcessMemory or WriteProcessMemory request was completed. (0x12B)
[0603/155506.251:WARNING:pe_image_reader.cc(340)] could not read dos header from C:\WINDOWS\System32\sechost.dll
[0603/155506.252:ERROR:process_memory_win.cc(73)] ReadMemory at 0x7ff80c970000 of 64 bytes failed: Only part of a ReadProcessMemory or WriteProcessMemory request was completed. (0x12B)
[0603/155506.252:WARNING:pe_image_reader.cc(340)] could not read dos header from C:\WINDOWS\System32\RPCRT4.dll
[0603/155506.252:ERROR:process_memory_win.cc(73)] ReadMemory at 0x7fff87f60000 of 64 bytes failed: Only part of a ReadProcessMemory or WriteProcessMemory request was completed. (0x12B)
[0603/155506.253:WARNING:pe_image_reader.cc(340)] could not read dos header from C:\Program Files (x86)\Microsoft\Edge\Application\83.0.478.44\msedge.dll
[0603/155506.253:ERROR:process_memory_win.cc(73)] ReadMemory at 0x7ff80caa0000 of 64 bytes failed: Only part of a ReadProcessMemory or WriteProcessMemory request was completed. (0x12B)
[0603/155506.253:WARNING:pe_image_reader.cc(340)] could not read dos header from C:\WINDOWS\System32\WS2_32.dll
[0603/155506.254:ERROR:process_memory_win.cc(73)] ReadMemory at 0x7ff80daa0000 of 64 bytes failed: Only part of a ReadProcessMemory or WriteProcessMemory request was completed. (0x12B)
[0603/155506.254:WARNING:pe_image_reader.cc(340)] could not read dos header from C:\WINDOWS\System32\OLEAUT32.dll
[0603/155506.254:ERROR:process_memory_win.cc(73)] ReadMemory at 0x7ff80bc50000 of 64 bytes failed: Only part of a ReadProcessMemory or WriteProcessMemory request was completed. (0x12B)
[0603/155506.255:WARNING:pe_image_reader.cc(340)] could not read dos header from C:\WINDOWS\System32\msvcp_win.dll
[0603/155506.255:ERROR:process_memory_win.cc(73)] ReadMemory at 0x7ff80bb50000 of 64 bytes failed: Only part of a ReadProcessMemory or WriteProcessMemory request was completed. (0x12B)
[0603/155506.255:WARNING:pe_image_reader.cc(340)] could not read dos header from C:\WINDOWS\System32\ucrtbase.dll
[0603/155506.256:ERROR:process_memory_win.cc(73)] ReadMemory at 0x7ff80ce10000 of 64 bytes failed: Only part of a ReadProcessMemory or WriteProcessMemory request was completed. (0x12B)
[0603/155506.256:WARNING:pe_image_reader.cc(340)] could not read dos header from C:\WINDOWS\System32\combase.dll
[0603/155506.257:ERROR:process_memory_win.cc(73)] ReadMemory at 0x7ff80baf0000 of 64 bytes failed: Only part of a ReadProcessMemory or WriteProcessMemory request was completed. (0x12B)
[0603/155506.257:WARNING:pe_image_reader.cc(340)] could not read dos header from C:\WINDOWS\System32\WINTRUST.dll
[0603/155506.258:ERROR:process_memory_win.cc(73)] ReadMemory at 0x7ff80b730000 of 64 bytes failed: Only part of a ReadProcessMemory or WriteProcessMemory request was completed. (0x12B)
[0603/155506.258:WARNING:pe_image_reader.cc(340)] could not read dos header from C:\WINDOWS\System32\MSASN1.dll
[0603/155506.259:ERROR:process_memory_win.cc(73)] ReadMemory at 0x7ff80bcf0000 of 64 bytes failed: Only part of a ReadProcessMemory or WriteProcessMemory request was completed. (0x12B)
[0603/155506.259:WARNING:pe_image_reader.cc(340)] could not read dos header from C:\WINDOWS\System32\CRYPT32.dll
[0603/155506.259:ERROR:process_memory_win.cc(73)] ReadMemory at 0x7ff80ac20000 of 64 bytes failed: Only part of a ReadProcessMemory or WriteProcessMemory request was completed. (0x12B)
[0603/155506.260:WARNING:pe_image_reader.cc(340)] could not read dos header from C:\WINDOWS\SYSTEM32\IPHLPAPI.DLL
[0603/155506.260:ERROR:process_memory_win.cc(73)] ReadMemory at 0x7ff808320000 of 64 bytes failed: Only part of a ReadProcessMemory or WriteProcessMemory request was completed. (0x12B)
[0603/155506.261:WARNING:pe_image_reader.cc(340)] could not read dos header from C:\WINDOWS\SYSTEM32\WINMM.dll
[0603/155506.261:ERROR:process_memory_win.cc(73)] ReadMemory at 0x7ffffac40000 of 64 bytes failed: Only part of a ReadProcessMemory or WriteProcessMemory request was completed. (0x12B)
[0603/155506.262:WARNING:pe_image_reader.cc(340)] could not read dos header from C:\WINDOWS\SYSTEM32\Secur32.dll
[0603/155506.262:ERROR:process_memory_win.cc(73)] ReadMemory at 0x7ff80b590000 of 64 bytes failed: Only part of a ReadProcessMemory or WriteProcessMemory request was completed. (0x12B)
[0603/155506.275:WARNING:pe_image_reader.cc(340)] could not read dos header from C:\WINDOWS\SYSTEM32\USERENV.dll
[0603/155506.275:ERROR:process_memory_win.cc(73)] ReadMemory at 0x7ff80b6b0000 of 64 bytes failed: Only part of a ReadProcessMemory or WriteProcessMemory request was completed. (0x12B)
[0603/155506.276:WARNING:pe_image_reader.cc(340)] could not read dos header from C:\WINDOWS\System32\profapi.dll
[0603/155506.276:ERROR:process_memory_win.cc(73)] ReadMemory at 0x7fffd7bc0000 of 64 bytes failed: Only part of a ReadProcessMemory or WriteProcessMemory request was completed. (0x12B)
[0603/155506.276:WARNING:pe_image_reader.cc(340)] could not read dos header from C:\WINDOWS\SYSTEM32\UIAutomationCore.DLL
[0603/155506.277:ERROR:process_memory_win.cc(73)] ReadMemory at 0x7ff807820000 of 64 bytes failed: Only part of a ReadProcessMemory or WriteProcessMemory request was completed. (0x12B)
[0603/155506.277:WARNING:pe_image_reader.cc(340)] could not read dos header from C:\WINDOWS\SYSTEM32\WINHTTP.dll
[0603/155506.278:ERROR:process_memory_win.cc(73)] ReadMemory at 0x7fffdf1c0000 of 64 bytes failed: Only part of a ReadProcessMemory or WriteProcessMemory request was completed. (0x12B)
[0603/155506.278:WARNING:pe_image_reader.cc(340)] could not read dos header from C:\WINDOWS\SYSTEM32\DWrite.dll
[0603/155506.279:ERROR:process_memory_win.cc(73)] ReadMemory at 0x7fffe5ff0000 of 64 bytes failed: Only part of a ReadProcessMemory or WriteProcessMemory request was completed. (0x12B)
[0603/155506.279:WARNING:pe_image_reader.cc(340)] could not read dos header from C:\WINDOWS\SYSTEM32\WINSPOOL.DRV
[0603/155506.280:ERROR:process_memory_win.cc(73)] ReadMemory at 0x7ff80b750000 of 64 bytes failed: Only part of a ReadProcessMemory or WriteProcessMemory request was completed. (0x12B)
[0603/155506.280:WARNING:pe_image_reader.cc(340)] could not read dos header from C:\WINDOWS\System32\kernel.appcore.dll
[0603/155506.281:ERROR:process_memory_win.cc(73)] ReadMemory at 0x7ff80bac0000 of 64 bytes failed: Only part of a ReadProcessMemory or WriteProcessMemory request was completed. (0x12B)
[0603/155506.281:WARNING:pe_image_reader.cc(340)] could not read dos header from C:\WINDOWS\System32\bcrypt.dll
[0603/155506.282:ERROR:process_memory_win.cc(73)] ReadMemory at 0x7ffffa400000 of 64 bytes failed: Only part of a ReadProcessMemory or WriteProcessMemory request was completed. (0x12B)
[0603/155506.282:WARNING:pe_image_reader.cc(340)] could not read dos header from C:\WINDOWS\SYSTEM32\dbghelp.dll
[0603/155506.283:ERROR:process_memory_win.cc(73)] ReadMemory at 0x7ff804660000 of 64 bytes failed: Only part of a ReadProcessMemory or WriteProcessMemory request was completed. (0x12B)
[0603/155506.283:WARNING:pe_image_reader.cc(340)] could not read dos header from C:\WINDOWS\SYSTEM32\dhcpcsvc.DLL
[0603/155506.284:ERROR:process_memory_win.cc(73)] ReadMemory at 0x7ff80e0a0000 of 64 bytes failed: Only part of a ReadProcessMemory or WriteProcessMemory request was completed. (0x12B)
[0603/155506.284:WARNING:pe_image_reader.cc(340)] could not read dos header from C:\WINDOWS\System32\NSI.dll
[0603/155506.285:ERROR:process_memory_win.cc(73)] ReadMemory at 0x7ff8082f0000 of 64 bytes failed: Only part of a ReadProcessMemory or WriteProcessMemory request was completed. (0x12B)
[0603/155506.285:WARNING:pe_image_reader.cc(340)] could not read dos header from C:\WINDOWS\SYSTEM32\WINMMBASE.dll
[0603/155506.286:ERROR:process_memory_win.cc(73)] ReadMemory at 0x7ff80b7a0000 of 64 bytes failed: Only part of a ReadProcessMemory or WriteProcessMemory request was completed. (0x12B)
[0603/155506.299:WARNING:pe_image_reader.cc(340)] could not read dos header from C:\WINDOWS\System32\cfgmgr32.dll
[0603/155506.299:ERROR:process_memory_win.cc(73)] ReadMemory at 0x7ff807c40000 of 64 bytes failed: Only part of a ReadProcessMemory or WriteProcessMemory request was completed. (0x12B)
[0603/155506.308:WARNING:pe_image_reader.cc(340)] could not read dos header from C:\WINDOWS\SYSTEM32\PROPSYS.dll
[0603/155506.309:ERROR:process_memory_win.cc(73)] ReadMemory at 0x7ff80c890000 of 64 bytes failed: Only part of a ReadProcessMemory or WriteProcessMemory request was completed. (0x12B)
[0603/155506.310:WARNING:pe_image_reader.cc(340)] could not read dos header from C:\WINDOWS\System32\shcore.dll
[0603/155506.310:ERROR:process_memory_win.cc(73)] ReadMemory at 0x7ff80b5c0000 of 64 bytes failed: Only part of a ReadProcessMemory or WriteProcessMemory request was completed. (0x12B)
[0603/155506.311:WARNING:pe_image_reader.cc(340)] could not read dos header from C:\WINDOWS\SYSTEM32\SSPICLI.DLL
[0603/155506.311:ERROR:process_memory_win.cc(73)] ReadMemory at 0x7ff80b0e0000 of 64 bytes failed: Only part of a ReadProcessMemory or WriteProcessMemory request was completed. (0x12B)
[0603/155506.323:WARNING:pe_image_reader.cc(340)] could not read dos header from C:\WINDOWS\SYSTEM32\CRYPTBASE.DLL
[0603/155514.335:ERROR:process_memory_win.cc(73)] ReadMemory at 0x71b1df1000 of 61440 bytes failed: Only part of a ReadProcessMemory or WriteProcessMemory request was completed. (0x12B)
[0603/155514.338:ERROR:process_memory_win.cc(73)] ReadMemory at 0x71b25ff000 of 4096 bytes failed: Only part of a ReadProcessMemory or WriteProcessMemory request was completed. (0x12B)
[0603/155514.340:ERROR:process_memory_win.cc(73)] ReadMemory at 0x71b2dfd000 of 12288 bytes failed: Only part of a ReadProcessMemory or WriteProcessMemory request was completed. (0x12B)
[0603/155514.342:ERROR:process_memory_win.cc(73)] ReadMemory at 0x71b3dfc000 of 16384 bytes failed: Only part of a ReadProcessMemory or WriteProcessMemory request was completed. (0x12B)
[0603/155514.344:ERROR:process_memory_win.cc(73)] ReadMemory at 0x71b45fc000 of 16384 bytes failed: Only part of a ReadProcessMemory or WriteProcessMemory request was completed. (0x12B)
[0603/155514.346:ERROR:process_memory_win.cc(73)] ReadMemory at 0x71b4dfd000 of 12288 bytes failed: Only part of a ReadProcessMemory or WriteProcessMemory request was completed. (0x12B)
[0603/155514.347:ERROR:process_memory_win.cc(73)] ReadMemory at 0x71b55fb000 of 20480 bytes failed: Only part of a ReadProcessMemory or WriteProcessMemory request was completed. (0x12B)
[0603/155514.349:ERROR:process_memory_win.cc(73)] ReadMemory at 0x71b65fd000 of 12288 bytes failed: Only part of a ReadProcessMemory or WriteProcessMemory request was completed. (0x12B)
[0603/155514.350:ERROR:process_memory_win.cc(73)] ReadMemory at 0x71b6df6000 of 40960 bytes failed: Only part of a ReadProcessMemory or WriteProcessMemory request was completed. (0x12B)
[0603/155514.351:ERROR:process_memory_win.cc(73)] ReadMemory at 0x71b75f7000 of 36864 bytes failed: Only part of a ReadProcessMemory or WriteProcessMemory request was completed. (0x12B)
[0603/155514.353:ERROR:process_memory_win.cc(73)] ReadMemory at 0x71b7df8000 of 32768 bytes failed: Only part of a ReadProcessMemory or WriteProcessMemory request was completed. (0x12B)
[0603/155514.355:ERROR:process_memory_win.cc(73)] ReadMemory at 0x71b85f8000 of 32768 bytes failed: Only part of a ReadProcessMemory or WriteProcessMemory request was completed. (0x12B)
[0603/155514.357:ERROR:process_memory_win.cc(73)] ReadMemory at 0x71b8dfd000 of 12288 bytes failed: Only part of a ReadProcessMemory or WriteProcessMemory request was completed. (0x12B)
[0603/155514.358:ERROR:process_memory_win.cc(73)] ReadMemory at 0x71b5dfd000 of 12288 bytes failed: Only part of a ReadProcessMemory or WriteProcessMemory request was completed. (0x12B)
[0603/155514.359:ERROR:process_memory_win.cc(73)] ReadMemory at 0x71bc5fd000 of 12288 bytes failed: Only part of a ReadProcessMemory or WriteProcessMemory request was completed. (0x12B)
[0603/155514.360:ERROR:process_memory_win.cc(73)] ReadMemory at 0x71b35f7000 of 36864 bytes failed: Only part of a ReadProcessMemory or WriteProcessMemory request was completed. (0x12B)
[0603/155514.361:ERROR:process_memory_win.cc(73)] ReadMemory at 0x71ba5f7000 of 36864 bytes failed: Only part of a ReadProcessMemory or WriteProcessMemory request was completed. (0x12B)
[0603/155514.362:ERROR:process_memory_win.cc(73)] ReadMemory at 0x71badf6000 of 40960 bytes failed: Only part of a ReadProcessMemory or WriteProcessMemory request was completed. (0x12B)
[0603/155514.364:ERROR:process_memory_win.cc(73)] ReadMemory at 0x71b95fc000 of 16384 bytes failed: Only part of a ReadProcessMemory or WriteProcessMemory request was completed. (0x12B)
[0603/155514.364:ERROR:process_memory_win.cc(73)] ReadMemory at 0x71b9dfa000 of 24576 bytes failed: Only part of a ReadProcessMemory or WriteProcessMemory request was completed. (0x12B)
[0603/155514.365:ERROR:process_memory_win.cc(73)] ReadMemory at 0x71bb5fc000 of 16384 bytes failed: Only part of a ReadProcessMemory or WriteProcessMemory request was completed. (0x12B)
[0603/155514.366:ERROR:process_memory_win.cc(73)] ReadMemory at 0x71bbdfc000 of 16384 bytes failed: Only part of a ReadProcessMemory or WriteProcessMemory request was completed. (0x12B)
[0603/155514.367:ERROR:process_memory_win.cc(73)] ReadMemory at 0x71bcdff000 of 4096 bytes failed: Only part of a ReadProcessMemory or WriteProcessMemory request was completed. (0x12B)
[0603/155514.367:ERROR:process_memory_win.cc(73)] ReadMemory at 0x71b1400000 of 6024 bytes failed: Only part of a ReadProcessMemory or WriteProcessMemory request was completed. (0x12B)
[0603/155514.368:ERROR:process_memory_win.cc(73)] ReadMemory at 0x71b1406000 of 6024 bytes failed: Only part of a ReadProcessMemory or WriteProcessMemory request was completed. (0x12B)
[0603/155514.370:ERROR:process_memory_win.cc(73)] ReadMemory at 0x71b1408000 of 6024 bytes failed: Only part of a ReadProcessMemory or WriteProcessMemory request was completed. (0x12B)
[0603/155514.371:ERROR:process_memory_win.cc(73)] ReadMemory at 0x71b140a000 of 6024 bytes failed: Only part of a ReadProcessMemory or WriteProcessMemory request was completed. (0x12B)
[0603/155514.384:ERROR:process_memory_win.cc(73)] ReadMemory at 0x71b140c000 of 6024 bytes failed: Only part of a ReadProcessMemory or WriteProcessMemory request was completed. (0x12B)
[0603/155514.386:ERROR:process_memory_win.cc(73)] ReadMemory at 0x71b140e000 of 6024 bytes failed: Only part of a ReadProcessMemory or WriteProcessMemory request was completed. (0x12B)
[0603/155514.388:ERROR:process_memory_win.cc(73)] ReadMemory at 0x71b157f000 of 852 bytes failed: Only part of a ReadProcessMemory or WriteProcessMemory request was completed. (0x12B)
[0603/155514.391:ERROR:process_memory_win.cc(73)] ReadMemory at 0x71b1580000 of 6024 bytes failed: Only part of a ReadProcessMemory or WriteProcessMemory request was completed. (0x12B)
[0603/155514.395:ERROR:process_memory_win.cc(73)] ReadMemory at 0x71b1582000 of 6024 bytes failed: Only part of a ReadProcessMemory or WriteProcessMemory request was completed. (0x12B)
[0603/155514.397:ERROR:process_memory_win.cc(73)] ReadMemory at 0x71b1584000 of 6024 bytes failed: Only part of a ReadProcessMemory or WriteProcessMemory request was completed. (0x12B)
[0603/155514.400:ERROR:process_memory_win.cc(73)] ReadMemory at 0x71b1588000 of 6024 bytes failed: Only part of a ReadProcessMemory or WriteProcessMemory request was completed. (0x12B)
[0603/155514.403:ERROR:process_memory_win.cc(73)] ReadMemory at 0x71b158a000 of 6024 bytes failed: Only part of a ReadProcessMemory or WriteProcessMemory request was completed. (0x12B)
[0603/155514.406:ERROR:process_memory_win.cc(73)] ReadMemory at 0x71b158c000 of 6024 bytes failed: Only part of a ReadProcessMemory or WriteProcessMemory request was completed. (0x12B)
[0603/155514.408:ERROR:process_memory_win.cc(73)] ReadMemory at 0x71b158e000 of 6024 bytes failed: Only part of a ReadProcessMemory or WriteProcessMemory request was completed. (0x12B)
[0603/155514.411:ERROR:process_memory_win.cc(73)] ReadMemory at 0x71b1592000 of 6024 bytes failed: Only part of a ReadProcessMemory or WriteProcessMemory request was completed. (0x12B)
[0603/155514.412:ERROR:process_memory_win.cc(73)] ReadMemory at 0x71b1594000 of 6024 bytes failed: Only part of a ReadProcessMemory or WriteProcessMemory request was completed. (0x12B)
[0603/155514.415:ERROR:process_memory_win.cc(73)] ReadMemory at 0x71b1596000 of 6024 bytes failed: Only part of a ReadProcessMemory or WriteProcessMemory request was completed. (0x12B)
[0603/155514.417:ERROR:process_memory_win.cc(73)] ReadMemory at 0x71b1598000 of 6024 bytes failed: Only part of a ReadProcessMemory or WriteProcessMemory request was completed. (0x12B)
[0603/155514.419:ERROR:process_memory_win.cc(73)] ReadMemory at 0x71b159a000 of 6024 bytes failed: Only part of a ReadProcessMemory or WriteProcessMemory request was completed. (0x12B)
[0603/155514.421:ERROR:process_memory_win.cc(73)] ReadMemory at 0x71b159c000 of 6024 bytes failed: Only part of a ReadProcessMemory or WriteProcessMemory request was completed. (0x12B)
[0603/155514.424:ERROR:process_memory_win.cc(73)] ReadMemory at 0x71b159e000 of 6024 bytes failed: Only part of a ReadProcessMemory or WriteProcessMemory request was completed. (0x12B)
[0603/155514.427:ERROR:process_memory_win.cc(73)] ReadMemory at 0x71b15ac000 of 6024 bytes failed: Only part of a ReadProcessMemory or WriteProcessMemory request was completed. (0x12B)
[0603/155514.429:ERROR:process_memory_win.cc(73)] ReadMemory at 0x71b15f8000 of 6024 bytes failed: Only part of a ReadProcessMemory or WriteProcessMemory request was completed. (0x12B)
[0603/155514.443:ERROR:process_memory_win.cc(73)] ReadMemory at 0x71b15fe000 of 6024 bytes failed: Only part of a ReadProcessMemory or WriteProcessMemory request was completed. (0x12B)
[0603/155514.457:ERROR:process_memory_win.cc(73)] ReadMemory at 0x1a200061300 of 512 bytes failed: Only part of a ReadProcessMemory or WriteProcessMemory request was completed. (0x12B)
[0603/155514.459:ERROR:process_memory_win.cc(73)] ReadMemory at 0x1a2001602c0 of 40 bytes failed: Only part of a ReadProcessMemory or WriteProcessMemory request was completed. (0x12B)
[0603/155514.460:ERROR:process_memory_win.cc(73)] ReadMemory at 0x1a2001ae0c0 of 512 bytes failed: Only part of a ReadProcessMemory or WriteProcessMemory request was completed. (0x12B)
[0603/155514.461:ERROR:process_memory_win.cc(73)] ReadMemory at 0x1a2001b05e0 of 512 bytes failed: Only part of a ReadProcessMemory or WriteProcessMemory request was completed. (0x12B)
[0603/155514.462:ERROR:process_memory_win.cc(73)] ReadMemory at 0x1a2001cd408 of 512 bytes failed: Only part of a ReadProcessMemory or WriteProcessMemory request was completed. (0x12B)
[0603/155514.463:ERROR:process_memory_win.cc(73)] ReadMemory at 0x1a2001ce4e8 of 800 bytes failed: Only part of a ReadProcessMemory or WriteProcessMemory request was completed. (0x12B)
[0603/155514.464:ERROR:process_memory_win.cc(73)] ReadMemory at 0x1a2001ceb18 of 800 bytes failed: Only part of a ReadProcessMemory or WriteProcessMemory request was completed. (0x12B)
[0603/155514.465:ERROR:process_memory_win.cc(73)] ReadMemory at 0x1a2001dbaf0 of 712 bytes failed: Only part of a ReadProcessMemory or WriteProcessMemory request was completed. (0x12B)
[0603/155514.467:ERROR:process_memory_win.cc(73)] ReadMemory at 0x1a201b93610 of 512 bytes failed: Only part of a ReadProcessMemory or WriteProcessMemory request was completed. (0x12B)
[0603/155514.468:ERROR:process_memory_win.cc(73)] ReadMemory at 0x1a202935118 of 512 bytes failed: Only part of a ReadProcessMemory or WriteProcessMemory request was completed. (0x12B)
[0603/155514.469:ERROR:process_memory_win.cc(73)] ReadMemory at 0x1a202d5fd78 of 512 bytes failed: Only part of a ReadProcessMemory or WriteProcessMemory request was completed. (0x12B)
[0603/155514.471:ERROR:process_memory_win.cc(73)] ReadMemory at 0x1a2031b7df0 of 512 bytes failed: Only part of a ReadProcessMemory or WriteProcessMemory request was completed. (0x12B)
[0603/155514.472:ERROR:process_memory_win.cc(73)] ReadMemory at 0x1a2032db381 of 512 bytes failed: Only part of a ReadProcessMemory or WriteProcessMemory request was completed. (0x12B)
[0603/155514.474:ERROR:process_memory_win.cc(73)] ReadMemory at 0x1a2078ed9e0 of 512 bytes failed: Only part of a ReadProcessMemory or WriteProcessMemory request was completed. (0x12B)
[0603/155514.476:ERROR:process_memory_win.cc(73)] ReadMemory at 0x1a27bf402c0 of 40 bytes failed: Only part of a ReadProcessMemory or WriteProcessMemory request was completed. (0x12B)
[0603/155514.477:ERROR:process_memory_win.cc(73)] ReadMemory at 0x1a27bf502c0 of 40 bytes failed: Only part of a ReadProcessMemory or WriteProcessMemory request was completed. (0x12B)
[0603/155514.478:ERROR:process_memory_win.cc(73)] ReadMemory at 0x1a27bf802c0 of 40 bytes failed: Only part of a ReadProcessMemory or WriteProcessMemory request was completed. (0x12B)
[0603/155514.480:ERROR:process_memory_win.cc(73)] ReadMemory at 0x1a27bf807c0 of 48 bytes failed: Only part of a ReadProcessMemory or WriteProcessMemory request was completed. (0x12B)
[0603/155514.481:ERROR:process_memory_win.cc(73)] ReadMemory at 0x1a27bf80fe0 of 18774 bytes failed: Only part of a ReadProcessMemory or WriteProcessMemory request was completed. (0x12B)
[0603/155514.484:ERROR:process_memory_win.cc(73)] ReadMemory at 0x1a27bf85940 of 1012 bytes failed: Only part of a ReadProcessMemory or WriteProcessMemory request was completed. (0x12B)
[0603/155514.487:ERROR:process_memory_win.cc(73)] ReadMemory at 0x1a27bf85f88 of 120 bytes failed: Only part of a ReadProcessMemory or WriteProcessMemory request was completed. (0x12B)
[0603/155514.490:ERROR:process_memory_win.cc(73)] ReadMemory at 0x1a27bf86002 of 838 bytes failed: Only part of a ReadProcessMemory or WriteProcessMemory request was completed. (0x12B)
[0603/155514.493:ERROR:process_memory_win.cc(73)] ReadMemory at 0x1a27bf8634a of 120 bytes failed: Only part of a ReadProcessMemory or WriteProcessMemory request was completed. (0x12B)
[0603/155514.496:ERROR:process_memory_win.cc(73)] ReadMemory at 0x1a27bf863c4 of 100 bytes failed: Only part of a ReadProcessMemory or WriteProcessMemory request was completed. (0x12B)
[0603/155514.499:ERROR:process_memory_win.cc(73)] ReadMemory at 0x1a27bf86440 of 58 bytes failed: Only part of a ReadProcessMemory or WriteProcessMemory request was completed. (0x12B)
[0603/155514.502:ERROR:process_memory_win.cc(73)] ReadMemory at 0x1a27bf86540 of 132 bytes failed: Only part of a ReadProcessMemory or WriteProcessMemory request was completed. (0x12B)
[0603/155514.516:ERROR:process_memory_win.cc(73)] ReadMemory at 0x1a27bf866d0 of 132 bytes failed: Only part of a ReadProcessMemory or WriteProcessMemory request was completed. (0x12B)
[0603/155514.519:ERROR:process_memory_win.cc(73)] ReadMemory at 0x1a27bf86c70 of 132 bytes failed: Only part of a ReadProcessMemory or WriteProcessMemory request was completed. (0x12B)
[0603/155514.523:ERROR:process_memory_win.cc(73)] ReadMemory at 0x1a27bf86e00 of 64 bytes failed: Only part of a ReadProcessMemory or WriteProcessMemory request was completed. (0x12B)
[0603/155514.524:ERROR:process_memory_win.cc(73)] ReadMemory at 0x1a27bf86e50 of 132 bytes failed: Only part of a ReadProcessMemory or WriteProcessMemory request was completed. (0x12B)
[0603/155514.527:ERROR:process_memory_win.cc(73)] ReadMemory at 0x1a27bf86fc0 of 132 bytes failed: Only part of a ReadProcessMemory or WriteProcessMemory request was completed. (0x12B)
[0603/155514.530:ERROR:process_memory_win.cc(73)] ReadMemory at 0x1a27bf87260 of 132 bytes failed: Only part of a ReadProcessMemory or WriteProcessMemory request was completed. (0x12B)
[0603/155514.533:ERROR:process_memory_win.cc(73)] ReadMemory at 0x1a27bf873f0 of 68 bytes failed: Only part of a ReadProcessMemory or WriteProcessMemory request was completed. (0x12B)
[0603/155514.535:ERROR:process_memory_win.cc(73)] ReadMemory at 0x1a27bf88410 of 152 bytes failed: Only part of a ReadProcessMemory or WriteProcessMemory request was completed. (0x12B)
[0603/155514.537:ERROR:process_memory_win.cc(73)] ReadMemory at 0x1a27bf8a2c0 of 48 bytes failed: Only part of a ReadProcessMemory or WriteProcessMemory request was completed. (0x12B)
[0603/155514.538:ERROR:process_memory_win.cc(73)] ReadMemory at 0x1a27bf8a400 of 48 bytes failed: Only part of a ReadProcessMemory or WriteProcessMemory request was completed. (0x12B)
[0603/155514.540:ERROR:process_memory_win.cc(73)] ReadMemory at 0x1a27bf8a480 of 48 bytes failed: Only part of a ReadProcessMemory or WriteProcessMemory request was completed. (0x12B)
[0603/155514.543:ERROR:process_memory_win.cc(73)] ReadMemory at 0x1a27bf8acc0 of 54 bytes failed: Only part of a ReadProcessMemory or WriteProcessMemory request was completed. (0x12B)
[0603/155514.545:ERROR:process_memory_win.cc(73)] ReadMemory at 0x1a27bf8b2f0 of 144 bytes failed: Only part of a ReadProcessMemory or WriteProcessMemory request was completed. (0x12B)
[0603/155514.547:ERROR:process_memory_win.cc(73)] ReadMemory at 0x1a27bf8b3a0 of 132 bytes failed: Only part of a ReadProcessMemory or WriteProcessMemory request was completed. (0x12B)
[0603/155514.549:ERROR:process_memory_win.cc(73)] ReadMemory at 0x1a27bf8b530 of 80 bytes failed: Only part of a ReadProcessMemory or WriteProcessMemory request was completed. (0x12B)
[0603/155514.550:ERROR:process_memory_win.cc(73)] ReadMemory at 0x1a27bf8dbe0 of 132 bytes failed: Only part of a ReadProcessMemory or WriteProcessMemory request was completed. (0x12B)
[0603/155514.552:ERROR:process_memory_win.cc(73)] ReadMemory at 0x1a27bf8dd10 of 132 bytes failed: Only part of a ReadProcessMemory or WriteProcessMemory request was completed. (0x12B)
[0603/155514.554:ERROR:process_memory_win.cc(73)] ReadMemory at 0x1a27bf8de40 of 132 bytes failed: Only part of a ReadProcessMemory or WriteProcessMemory request was completed. (0x12B)
[0603/155514.557:ERROR:process_memory_win.cc(73)] ReadMemory at 0x1a27bf8df70 of 132 bytes failed: Only part of a ReadProcessMemory or WriteProcessMemory request was completed. (0x12B)
[0603/155514.561:ERROR:process_memory_win.cc(73)] ReadMemory at 0x1a27bf8e0a0 of 132 bytes failed: Only part of a ReadProcessMemory or WriteProcessMemory request was completed. (0x12B)
[0603/155514.563:ERROR:process_memory_win.cc(73)] ReadMemory at 0x1a27bf8e1d0 of 132 bytes failed: Only part of a ReadProcessMemory or WriteProcessMemory request was completed. (0x12B)
[0603/155514.565:ERROR:process_memory_win.cc(73)] ReadMemory at 0x1a27bf8e300 of 132 bytes failed: Only part of a ReadProcessMemory or WriteProcessMemory request was completed. (0x12B)
[0603/155514.567:ERROR:process_memory_win.cc(73)] ReadMemory at 0x1a27bf8e430 of 132 bytes failed: Only part of a ReadProcessMemory or WriteProcessMemory request was completed. (0x12B)
[0603/155514.581:ERROR:process_memory_win.cc(73)] ReadMemory at 0x1a27bf8e560 of 132 bytes failed: Only part of a ReadProcessMemory or WriteProcessMemory request was completed. (0x12B)
[0603/155514.583:ERROR:process_memory_win.cc(73)] ReadMemory at 0x1a27bf8e690 of 132 bytes failed: Only part of a ReadProcessMemory or WriteProcessMemory request was completed. (0x12B)
[0603/155514.585:ERROR:process_memory_win.cc(73)] ReadMemory at 0x1a27bf8e7c0 of 132 bytes failed: Only part of a ReadProcessMemory or WriteProcessMemory request was completed. (0x12B)
[0603/155514.586:ERROR:process_memory_win.cc(73)] ReadMemory at 0x1a27bf8ea20 of 132 bytes failed: Only part of a ReadProcessMemory or WriteProcessMemory request was completed. (0x12B)
[0603/155514.589:ERROR:process_memory_win.cc(73)] ReadMemory at 0x1a27bf8ee30 of 76 bytes failed: Only part of a ReadProcessMemory or WriteProcessMemory request was completed. (0x12B)
[0603/155514.592:ERROR:process_memory_win.cc(73)] ReadMemory at 0x1a27bf8f250 of 80 bytes failed: Only part of a ReadProcessMemory or WriteProcessMemory request was completed. (0x12B)
[0603/155514.593:ERROR:process_memory_win.cc(73)] ReadMemory at 0x1a27bf92e00 of 132 bytes failed: Only part of a ReadProcessMemory or WriteProcessMemory request was completed. (0x12B)
[0603/155514.595:ERROR:process_memory_win.cc(73)] ReadMemory at 0x1a27bf93160 of 132 bytes failed: Only part of a ReadProcessMemory or WriteProcessMemory request was completed. (0x12B)
[0603/155514.600:ERROR:process_memory_win.cc(73)] ReadMemory at 0x1a27bf93210 of 512 bytes failed: Only part of a ReadProcessMemory or WriteProcessMemory request was completed. (0x12B)
[0603/155514.601:ERROR:process_memory_win.cc(73)] ReadMemory at 0x1a27bf93590 of 132 bytes failed: Only part of a ReadProcessMemory or WriteProcessMemory request was completed. (0x12B)
[0603/155514.603:ERROR:process_memory_win.cc(73)] ReadMemory at 0x1a27bf936c0 of 132 bytes failed: Only part of a ReadProcessMemory or WriteProcessMemory request was completed. (0x12B)
[0603/155514.605:ERROR:process_memory_win.cc(73)] ReadMemory at 0x1a27bf937f0 of 132 bytes failed: Only part of a ReadProcessMemory or WriteProcessMemory request was completed. (0x12B)
[0603/155514.608:ERROR:process_memory_win.cc(73)] ReadMemory at 0x1a27bf93e40 of 132 bytes failed: Only part of a ReadProcessMemory or WriteProcessMemory request was completed. (0x12B)
[0603/155514.612:ERROR:process_memory_win.cc(73)] ReadMemory at 0x1a27bf95560 of 132 bytes failed: Only part of a ReadProcessMemory or WriteProcessMemory request was completed. (0x12B)
[0603/155514.614:ERROR:process_memory_win.cc(73)] ReadMemory at 0x1a27bf95770 of 132 bytes failed: Only part of a ReadProcessMemory or WriteProcessMemory request was completed. (0x12B)
[0603/155514.616:ERROR:process_memory_win.cc(73)] ReadMemory at 0x1a27bf958f0 of 62 bytes failed: Only part of a ReadProcessMemory or WriteProcessMemory request was completed. (0x12B)
[0603/155514.631:ERROR:process_memory_win.cc(73)] ReadMemory at 0x1a27bf95990 of 62 bytes failed: Only part of a ReadProcessMemory or WriteProcessMemory request was completed. (0x12B)
[0603/155514.633:ERROR:process_memory_win.cc(73)] ReadMemory at 0x1a27bf95a30 of 60 bytes failed: Only part of a ReadProcessMemory or WriteProcessMemory request was completed. (0x12B)
[0603/155514.634:ERROR:process_memory_win.cc(73)] ReadMemory at 0x1a27bf95a80 of 64 bytes failed: Only part of a ReadProcessMemory or WriteProcessMemory request was completed. (0x12B)
[0603/155514.635:ERROR:process_memory_win.cc(73)] ReadMemory at 0x1a27bf95b20 of 62 bytes failed: Only part of a ReadProcessMemory or WriteProcessMemory request was completed. (0x12B)
[0603/155514.637:ERROR:process_memory_win.cc(73)] ReadMemory at 0x1a27bf95cb0 of 64 bytes failed: Only part of a ReadProcessMemory or WriteProcessMemory request was completed. (0x12B)
[0603/155514.640:ERROR:process_memory_win.cc(73)] ReadMemory at 0x1a27bf95df0 of 62 bytes failed: Only part of a ReadProcessMemory or WriteProcessMemory request was completed. (0x12B)
[0603/155514.643:ERROR:process_memory_win.cc(73)] ReadMemory at 0x1a27bf95ee0 of 62 bytes failed: Only part of a ReadProcessMemory or WriteProcessMemory request was completed. (0x12B)
[0603/155514.645:ERROR:process_memory_win.cc(73)] ReadMemory at 0x1a27bf95fd0 of 62 bytes failed: Only part of a ReadProcessMemory or WriteProcessMemory request was completed. (0x12B)
[0603/155514.647:ERROR:process_memory_win.cc(73)] ReadMemory at 0x1a27bf96020 of 62 bytes failed: Only part of a ReadProcessMemory or WriteProcessMemory request was completed. (0x12B)
[0603/155514.649:ERROR:process_memory_win.cc(73)] ReadMemory at 0x1a27bf960c0 of 62 bytes failed: Only part of a ReadProcessMemory or WriteProcessMemory request was completed. (0x12B)
[0603/155514.651:ERROR:process_memory_win.cc(73)] ReadMemory at 0x1a27bf96160 of 60 bytes failed: Only part of a ReadProcessMemory or WriteProcessMemory request was completed. (0x12B)
[0603/155514.652:ERROR:process_memory_win.cc(73)] ReadMemory at 0x1a27bf96250 of 64 bytes failed: Only part of a ReadProcessMemory or WriteProcessMemory request was completed. (0x12B)
[0603/155514.653:ERROR:process_memory_win.cc(73)] ReadMemory at 0x1a27bf96520 of 58 bytes failed: Only part of a ReadProcessMemory or WriteProcessMemory request was completed. (0x12B)
[0603/155514.656:ERROR:process_memory_win.cc(73)] ReadMemory at 0x1a27bf96570 of 64 bytes failed: Only part of a ReadProcessMemory or WriteProcessMemory request was completed. (0x12B)
[0603/155514.658:ERROR:process_memory_win.cc(73)] ReadMemory at 0x1a27bf965c0 of 60 bytes failed: Only part of a ReadProcessMemory or WriteProcessMemory request was completed. (0x12B)
[0603/155514.661:ERROR:process_memory_win.cc(73)] ReadMemory at 0x1a27bf966b0 of 64 bytes failed: Only part of a ReadProcessMemory or WriteProcessMemory request was completed. (0x12B)
[0603/155514.662:ERROR:process_memory_win.cc(73)] ReadMemory at 0x1a27bf96700 of 60 bytes failed: Only part of a ReadProcessMemory or WriteProcessMemory request was completed. (0x12B)
[0603/155514.664:ERROR:process_memory_win.cc(73)] ReadMemory at 0x1a27bf96750 of 66 bytes failed: Only part of a ReadProcessMemory or WriteProcessMemory request was completed. (0x12B)
[0603/155514.666:ERROR:process_memory_win.cc(73)] ReadMemory at 0x1a27bf96840 of 62 bytes failed: Only part of a ReadProcessMemory or WriteProcessMemory request was completed. (0x12B)
[0603/155514.668:ERROR:process_memory_win.cc(73)] ReadMemory at 0x1a27bf97e20 of 66 bytes failed: Only part of a ReadProcessMemory or WriteProcessMemory request was completed. (0x12B)
[0603/155514.670:ERROR:process_memory_win.cc(73)] ReadMemory at 0x1a27bf97e70 of 64 bytes failed: Only part of a ReadProcessMemory or WriteProcessMemory request was completed. (0x12B)
[0603/155514.671:ERROR:process_memory_win.cc(73)] ReadMemory at 0x1a27bf97ec0 of 60 bytes failed: Only part of a ReadProcessMemory or WriteProcessMemory request was completed. (0x12B)
[0603/155514.674:ERROR:process_memory_win.cc(73)] ReadMemory at 0x1a27bf97fb0 of 60 bytes failed: Only part of a ReadProcessMemory or WriteProcessMemory request was completed. (0x12B)
[0603/155514.677:ERROR:process_memory_win.cc(73)] ReadMemory at 0x1a27bf980f0 of 64 bytes failed: Only part of a ReadProcessMemory or WriteProcessMemory request was completed. (0x12B)
[0603/155514.678:ERROR:process_memory_win.cc(73)] ReadMemory at 0x1a27bf98230 of 62 bytes failed: Only part of a ReadProcessMemory or WriteProcessMemory request was completed. (0x12B)
[0603/155514.680:ERROR:process_memory_win.cc(73)] ReadMemory at 0x1a27bf983c0 of 60 bytes failed: Only part of a ReadProcessMemory or WriteProcessMemory request was completed. (0x12B)
[0603/155514.683:ERROR:process_memory_win.cc(73)] ReadMemory at 0x1a27bf984b0 of 64 bytes failed: Only part of a ReadProcessMemory or WriteProcessMemory request was completed. (0x12B)
[0603/155514.684:ERROR:process_memory_win.cc(73)] ReadMemory at 0x1a27bf98cf0 of 132 bytes failed: Only part of a ReadProcessMemory or WriteProcessMemory request was completed. (0x12B)
[0603/155514.685:ERROR:process_memory_win.cc(73)] ReadMemory at 0x1a27bf9a9b0 of 132 bytes failed: Only part of a ReadProcessMemory or WriteProcessMemory request was completed. (0x12B)
[0603/155514.687:ERROR:process_memory_win.cc(73)] ReadMemory at 0x1a27bf9c380 of 512 bytes failed: Only part of a ReadProcessMemory or WriteProcessMemory request was completed. (0x12B)
[0603/155514.689:ERROR:process_memory_win.cc(73)] ReadMemory at 0x1a27bf9cb80 of 132 bytes failed: Only part of a ReadProcessMemory or WriteProcessMemory request was completed. (0x12B)
[0603/155514.692:ERROR:process_memory_win.cc(73)] ReadMemory at 0x1a27bf9cde0 of 132 bytes failed: Only part of a ReadProcessMemory or WriteProcessMemory request was completed. (0x12B)
[0603/155514.695:ERROR:process_memory_win.cc(73)] ReadMemory at 0x1a27bf9d170 of 132 bytes failed: Only part of a ReadProcessMemory or WriteProcessMemory request was completed. (0x12B)
[0603/155514.697:ERROR:process_memory_win.cc(73)] ReadMemory at 0x1a27bf9d3d0 of 132 bytes failed: Only part of a ReadProcessMemory or WriteProcessMemory request was completed. (0x12B)
[0603/155514.699:ERROR:process_memory_win.cc(73)] ReadMemory at 0x1a27bf9d9c0 of 132 bytes failed: Only part of a ReadProcessMemory or WriteProcessMemory request was completed. (0x12B)
[0603/155514.701:ERROR:process_memory_win.cc(73)] ReadMemory at 0x1a27bf9daf0 of 132 bytes failed: Only part of a ReadProcessMemory or WriteProcessMemory request was completed. (0x12B)
[0603/155514.703:ERROR:process_memory_win.cc(73)] ReadMemory at 0x1a27bf9dc20 of 132 bytes failed: Only part of a ReadProcessMemory or WriteProcessMemory request was completed. (0x12B)
[0603/155514.705:ERROR:process_memory_win.cc(73)] ReadMemory at 0x1a27bf9e470 of 132 bytes failed: Only part of a ReadProcessMemory or WriteProcessMemory request was completed. (0x12B)
[0603/155514.708:ERROR:process_memory_win.cc(73)] ReadMemory at 0x1a27bf9e6d0 of 132 bytes failed: Only part of a ReadProcessMemory or WriteProcessMemory request was completed. (0x12B)
[0603/155514.722:ERROR:process_memory_win.cc(73)] ReadMemory at 0x1a27bf9f7a0 of 124 bytes failed: Only part of a ReadProcessMemory or WriteProcessMemory request was completed. (0x12B)
[0603/155514.726:ERROR:process_memory_win.cc(73)] ReadMemory at 0x1a27bfa9220 of 40 bytes failed: Only part of a ReadProcessMemory or WriteProcessMemory request was completed. (0x12B)
[0603/155514.728:ERROR:process_memory_win.cc(73)] ReadMemory at 0x1a27bfb45e0 of 48 bytes failed: Only part of a ReadProcessMemory or WriteProcessMemory request was completed. (0x12B)
[0603/155514.729:ERROR:process_memory_win.cc(73)] ReadMemory at 0x1a27bfb5a40 of 40 bytes failed: Only part of a ReadProcessMemory or WriteProcessMemory request was completed. (0x12B)
[0603/155514.731:ERROR:process_memory_win.cc(73)] ReadMemory at 0x1a27c1d02c0 of 40 bytes failed: Only part of a ReadProcessMemory or WriteProcessMemory request was completed. (0x12B)
[0603/155514.732:ERROR:process_memory_win.cc(73)] ReadMemory at 0x1a27c1dd690 of 512 bytes failed: Only part of a ReadProcessMemory or WriteProcessMemory request was completed. (0x12B)
[0603/155514.734:ERROR:process_memory_win.cc(73)] ReadMemory at 0x1a27c2602c0 of 40 bytes failed: Only part of a ReadProcessMemory or WriteProcessMemory request was completed. (0x12B)
[0603/155514.736:ERROR:process_memory_win.cc(73)] ReadMemory at 0x1a27c7902c0 of 40 bytes failed: Only part of a ReadProcessMemory or WriteProcessMemory request was completed. (0x12B)
[0603/155514.738:ERROR:process_memory_win.cc(73)] ReadMemory at 0x1a27c8d02c0 of 40 bytes failed: Only part of a ReadProcessMemory or WriteProcessMemory request was completed. (0x12B)
[0603/155514.742:ERROR:process_memory_win.cc(73)] ReadMemory at 0x2ee000000000 of 384 bytes failed: Only part of a ReadProcessMemory or WriteProcessMemory request was completed. (0x12B)
[0603/155514.743:ERROR:process_memory_win.cc(73)] ReadMemory at 0x2ee009a0edb1 of 512 bytes failed: Only part of a ReadProcessMemory or WriteProcessMemory request was completed. (0x12B)
[0603/155514.745:ERROR:process_memory_win.cc(73)] ReadMemory at 0x2ee00baae609 of 512 bytes failed: Only part of a ReadProcessMemory or WriteProcessMemory request was completed. (0x12B)
[0603/155514.747:ERROR:process_memory_win.cc(73)] ReadMemory at 0x2ee00e169281 of 512 bytes failed: Only part of a ReadProcessMemory or WriteProcessMemory request was completed. (0x12B)
[0603/155514.748:ERROR:process_memory_win.cc(73)] ReadMemory at 0x3f7edc054030 of 40 bytes failed: Only part of a ReadProcessMemory or WriteProcessMemory request was completed. (0x12B)
[0603/155514.751:ERROR:process_memory_win.cc(73)] ReadMemory at 0x7ff80b5e8cb0 of 40 bytes failed: Only part of a ReadProcessMemory or WriteProcessMemory request was completed. (0x12B)
[0603/155514.753:ERROR:process_memory_win.cc(73)] ReadMemory at 0x7ff80cd06550 of 512 bytes failed: Only part of a ReadProcessMemory or WriteProcessMemory request was completed. (0x12B)
[0603/155514.754:ERROR:process_memory_win.cc(73)] ReadMemory at 0x7ff80cd07b54 of 512 bytes failed: Only part of a ReadProcessMemory or WriteProcessMemory request was completed. (0x12B)
[0603/155514.756:ERROR:process_memory_win.cc(73)] ReadMemory at 0x7ff80d3cf5b0 of 176 bytes failed: Only part of a ReadProcessMemory or WriteProcessMemory request was completed. (0x12B)
[0603/155514.758:ERROR:process_memory_win.cc(73)] ReadMemory at 0x7ff80e87c074 of 672 bytes failed: Only part of a ReadProcessMemory or WriteProcessMemory request was completed. (0x12B)
[0603/155514.761:ERROR:process_memory_win.cc(73)] ReadMemory at 0x7ff80e87f924 of 608 bytes failed: Only part of a ReadProcessMemory or WriteProcessMemory request was completed. (0x12B)
[0603/155514.763:ERROR:process_memory_win.cc(73)] ReadMemory at 0x7ff80e90c428 of 18 bytes failed: Only part of a ReadProcessMemory or WriteProcessMemory request was completed. (0x12B)
[0603/155514.766:ERROR:process_memory_win.cc(73)] ReadMemory at 0x7ff80e93f4f8 of 40 bytes failed: Only part of a ReadProcessMemory or WriteProcessMemory request was completed. (0x12B)
[0603/155514.769:ERROR:process_memory_win.cc(73)] ReadMemory at 0x7ff80e93f560 of 48 bytes failed: Only part of a ReadProcessMemory or WriteProcessMemory request was completed. (0x12B)
[0603/155514.770:ERROR:process_memory_win.cc(73)] ReadMemory at 0x7ff80e93f978 of 48 bytes failed: Only part of a ReadProcessMemory or WriteProcessMemory request was completed. (0x12B)
[0603/155514.772:ERROR:process_memory_win.cc(73)] ReadMemory at 0x7ff80e943be0 of 40 bytes failed: Only part of a ReadProcessMemory or WriteProcessMemory request was completed. (0x12B)
[0603/155514.775:ERROR:process_memory_win.cc(73)] ReadMemory at 0x7ff80e943d40 of 384 bytes failed: Only part of a ReadProcessMemory or WriteProcessMemory request was completed. (0x12B)
[0603/155514.778:ERROR:process_memory_win.cc(73)] ReadMemory at 0x7ff80e9453c0 of 64 bytes failed: Only part of a ReadProcessMemory or WriteProcessMemory request was completed. (0x12B)
[0603/155514.779:ERROR:process_memory_win.cc(73)] ReadMemory at 0x7fff89d278b0 of 512 bytes failed: Only part of a ReadProcessMemory or WriteProcessMemory request was completed. (0x12B)
[0603/155514.781:ERROR:process_memory_win.cc(73)] ReadMemory at 0x7ffffbb2e7a0 of 512 bytes failed: Only part of a ReadProcessMemory or WriteProcessMemory request was completed. (0x12B)
[0603/155514.782:ERROR:process_memory_win.cc(73)] ReadMemory at 0x7ffffbbce288 of 712 bytes failed: Only part of a ReadProcessMemory or WriteProcessMemory request was completed. (0x12B)
[0603/155514.784:ERROR:process_memory_win.cc(73)] ReadMemory at 0x7ffffbbd2f40 of 40 bytes failed: Only part of a ReadProcessMemory or WriteProcessMemory request was completed. (0x12B)
[0603/155514.798:ERROR:scoped_process_suspend.cc(40)] NtResumeProcess: An attempt was made to access an exiting process. (0xc000010a)
[0603/160715.175:WARNING:minidump_to_upload_parameters.cc(36)] duplicate key guid, discarding value ce8017b5-9f64-4e85-8820-565d9134f768
